<?xml version="1.0" encoding="UTF-8" ?>
<testsuite tests="32" failures="0" name="ua.yandex.shad.tempseries.TemperatureSeriesAnalysisTest" time="0.022" errors="0" skipped="0">
  <properties>
[...]
</properties>
  <testcase classname="ua.yandex.shad.tempseries.TemperatureSeriesAnalysisTest" name="TestDeviationFailOnEmptyArray" time="0.009"/>
  <testcase classname="ua.yandex.shad.tempseries.TemperatureSeriesAnalysisTest" name="TestFindTempClosestToValueOnEasyArray" time="0"/>
  <testcase classname="ua.yandex.shad.tempseries.TemperatureSeriesAnalysisTest" name="TestFindTempClosestToZeroOnOneElementArray" time="0"/>
  <testcase classname="ua.yandex.shad.tempseries.TemperatureSeriesAnalysisTest" name="TestMinFailOnEmptyArray" time="0"/>
  <testcase classname="ua.yandex.shad.tempseries.TemperatureSeriesAnalysisTest" name="TestSummaryStatisticsOnEasyArray" time="0.003"/>
  <testcase classname="ua.yandex.shad.tempseries.TemperatureSeriesAnalysisTest" name="TestMaxFailOnEmptyArray" time="0"/>
  <testcase classname="ua.yandex.shad.tempseries.TemperatureSeriesAnalysisTest" name="TestAddTempsOnEasyArray" time="0"/>
  <testcase classname="ua.yandex.shad.tempseries.TemperatureSeriesAnalysisTest" name="TestDeviationOnOneElementArray" time="0"/>
  <testcase classname="ua.yandex.shad.tempseries.TemperatureSeriesAnalysisTest" name="TestDeviationOnEasyArray" time="0"/>
  <testcase classname="ua.yandex.shad.tempseries.TemperatureSeriesAnalysisTest" name="TestAverageOnEasyArray" time="0"/>
  <testcase classname="ua.yandex.shad.tempseries.TemperatureSeriesAnalysisTest" name="TestAverageOnOneElementArray" time="0"/>
  <testcase classname="ua.yandex.shad.tempseries.TemperatureSeriesAnalysisTest" name="TestAddTempsOnInputMismatchException" time="0"/>
  <testcase classname="ua.yandex.shad.tempseries.TemperatureSeriesAnalysisTest" name="TestSummaryStatisticsOnEmptyArray" time="0"/>
  <testcase classname="ua.yandex.shad.tempseries.TemperatureSeriesAnalysisTest" name="TestFindTempClosestToZeroOnEmptyArray" time="0"/>
  <testcase classname="ua.yandex.shad.tempseries.TemperatureSeriesAnalysisTest" name="TestMaxOnEasyArray" time="0"/>
  <testcase classname="ua.yandex.shad.tempseries.TemperatureSeriesAnalysisTest" name="TestFindTempClosestToZeroOnEasyArray" time="0"/>
  <testcase classname="ua.yandex.shad.tempseries.TemperatureSeriesAnalysisTest" name="TestFindTempsLessThenOnEmptyArray" time="0.002"/>
  <testcase classname="ua.yandex.shad.tempseries.TemperatureSeriesAnalysisTest" name="TestMinOnOneElementArray" time="0"/>
  <testcase classname="ua.yandex.shad.tempseries.TemperatureSeriesAnalysisTest" name="TestAddTempsOnInputEmptyArray" time="0.001"/>
  <testcase classname="ua.yandex.shad.tempseries.TemperatureSeriesAnalysisTest" name="TestFindTempsLessThenOnEasyArray" time="0.004"/>
  <testcase classname="ua.yandex.shad.tempseries.TemperatureSeriesAnalysisTest" name="TestMinOnEasyArray" time="0"/>
  <testcase classname="ua.yandex.shad.tempseries.TemperatureSeriesAnalysisTest" name="TestFindTempClosestToValueOnEmptyArray" time="0.001"/>
  <testcase classname="ua.yandex.shad.tempseries.TemperatureSeriesAnalysisTest" name="TestFindTempClosestToZeroOnNegativeAndPositiveClosestValue" time="0"/>
  <testcase classname="ua.yandex.shad.tempseries.TemperatureSeriesAnalysisTest" name="TestSummaryStatisticsOnAllOne" time="0"/>
  <testcase classname="ua.yandex.shad.tempseries.TemperatureSeriesAnalysisTest" name="TestFindTempsGreaterThenOnEasyArrayAndTooHighValue" time="0"/>
  <testcase classname="ua.yandex.shad.tempseries.TemperatureSeriesAnalysisTest" name="TestFindTempsGreaterThenOnEasyArray" time="0"/>
  <testcase classname="ua.yandex.shad.tempseries.TemperatureSeriesAnalysisTest" name="TestFindTempClosestToValueOnOneElementArray" time="0"/>
  <testcase classname="ua.yandex.shad.tempseries.TemperatureSeriesAnalysisTest" name="TestMaxOnOneElementArray" time="0"/>
  <testcase classname="ua.yandex.shad.tempseries.TemperatureSeriesAnalysisTest" name="TestFindTempsGreaterThenOnEmptyArray" time="0.001"/>
  <testcase classname="ua.yandex.shad.tempseries.TemperatureSeriesAnalysisTest" name="TestFindTempClosestToValueOnNegativeAndPositiveClosestValue" time="0"/>
  <testcase classname="ua.yandex.shad.tempseries.TemperatureSeriesAnalysisTest" name="TestAverageFailOnEmptyArray" time="0.001"/>
  <testcase classname="ua.yandex.shad.tempseries.TemperatureSeriesAnalysisTest" name="TestFindTempsLessThenOnEasyArrayAndTooLowValue" time="0"/>
</testsuite>